2026-03-10T17:21:10.0101771Z [diag] session-start
2026-03-10T17:21:10.0118396Z [app] run-start world=2304x72x2304 seed=777
2026-03-10T17:21:10.1552474Z [bot] spawn pos=1155,50,41,20,1155,50
2026-03-10T17:21:10.1553531Z [app] player-spawn pos=1152,50,40,20,1152,50
2026-03-10T17:21:10.1554097Z [app] bot-log-file path=/home/rutasan/AIG/botlogs/bot-20260310-172110-001.log
2026-03-10T17:21:12.1586760Z [bot] follow-route waypoints=1 desired=1155,50,40,02,1157,50 radius=1
2026-03-10T17:21:12.1638791Z [bot] status Idle->Moving pos=1155,19,41,10,1155,95 active=none
2026-03-10T17:21:12.4249143Z [bot] status Moving->Idle pos=1155,54,42,02,1156,49 active=none
2026-03-10T17:21:12.4534123Z [bot] follow-route waypoints=2 desired=1157,50,41,02,1155,50 radius=1
2026-03-10T17:21:12.4535116Z [bot] status Idle->Moving pos=1155,60,42,06,1156,44 active=none
2026-03-10T17:21:12.7691678Z [bot] status Moving->Idle pos=1156,45,41,49,1155,88 active=none
2026-03-10T17:21:12.7797219Z [bot] follow-route waypoints=2 desired=1157,50,41,02,1153,50 radius=1
2026-03-10T17:21:12.7798130Z [bot] status Idle->Moving pos=1156,49,41,45,1155,89 active=none
2026-03-10T17:21:12.8272258Z [bot] follow-route waypoints=5 desired=1157,50,42,02,1150,50 radius=1
2026-03-10T17:21:12.8474079Z [bot] follow-route waypoints=7 desired=1155,50,41,02,1148,50 radius=1
2026-03-10T17:21:12.8701520Z [bot] follow-route waypoints=12 desired=1153,50,40,02,1147,50 radius=1
2026-03-10T17:21:12.9030811Z [bot] follow-route waypoints=13 desired=1150,50,38,02,1147,50 radius=1
2026-03-10T17:21:13.2302734Z [bot] follow-route waypoints=12 desired=1147,50,37,02,1149,50 radius=1
2026-03-10T17:21:13.2967034Z [bot] follow-route waypoints=9 desired=1147,50,37,02,1152,50 radius=1
2026-03-10T17:21:13.5318451Z [bot] follow-route waypoints=11 desired=1147,50,37,02,1149,50 radius=1
2026-03-10T17:21:13.5715405Z [bot] follow-route waypoints=10 desired=1149,50,38,02,1148,50 radius=1
2026-03-10T17:21:14.4542840Z [bot] follow-route waypoints=7 desired=1151,50,39,02,1147,50 radius=1
2026-03-10T17:21:14.5088757Z [bot] follow-route waypoints=8 desired=1154,50,40,02,1147,50 radius=1
2026-03-10T17:21:15.1471128Z [bot] follow-route waypoints=6 desired=1151,50,39,02,1147,50 radius=1
2026-03-10T17:21:15.6828301Z [bot] follow-route waypoints=7 desired=1149,50,38,02,1148,50 radius=1
2026-03-10T17:21:15.7552512Z [bot] follow-route waypoints=8 desired=1147,50,37,02,1149,50 radius=1
2026-03-10T17:21:16.1252256Z [bot] follow-route waypoints=6 desired=1149,50,38,02,1148,50 radius=1
2026-03-10T17:21:16.1746764Z [bot] follow-route waypoints=7 desired=1151,50,39,02,1147,50 radius=1
2026-03-10T17:21:16.2850046Z [bot] follow-route waypoints=9 desired=1154,50,40,02,1147,50 radius=1
2026-03-10T17:21:17.3249805Z [bot] follow-route waypoints=6 desired=1151,50,39,02,1147,50 radius=1
2026-03-10T17:21:18.5517532Z [app] run-stop
