2026-03-10T17:20:27.1652596Z [diag] session-start
2026-03-10T17:20:27.1669038Z [app] run-start world=2304x72x2304 seed=777
2026-03-10T17:20:27.3139486Z [bot] spawn pos=1155,50,41,20,1155,50
2026-03-10T17:20:27.3140889Z [app] player-spawn pos=1152,50,40,20,1152,50
2026-03-10T17:20:27.3141538Z [app] bot-log-file path=/home/rutasan/AIG/botlogs/bot-20260310-172027-156.log
2026-03-10T17:20:29.0977225Z [bot] follow-route waypoints=1 desired=1155,50,40,02,1157,50 radius=1
2026-03-10T17:20:29.1029269Z [bot] status Idle->Moving pos=1155,19,41,10,1155,95 active=none
2026-03-10T17:20:29.2673448Z [bot] status Moving->Idle pos=1155,48,41,80,1156,51 active=none
2026-03-10T17:20:29.2942279Z [bot] follow-route waypoints=1 desired=1156,50,41,02,1155,50 radius=1
2026-03-10T17:20:29.2943867Z [bot] status Idle->Moving pos=1155,52,41,88,1156,51 active=none
2026-03-10T17:20:29.3048869Z [bot] status Moving->Idle pos=1155,52,41,91,1156,51 active=none
2026-03-10T17:20:29.3167724Z [bot] follow-route waypoints=2 desired=1157,50,41,02,1155,50 radius=1
2026-03-10T17:20:29.3168593Z [bot] status Idle->Moving pos=1155,58,41,93,1156,51 active=none
2026-03-10T17:20:29.5181918Z [bot] status Moving->Idle pos=1156,51,42,06,1156,54 active=none
2026-03-10T17:20:29.6154983Z [bot] follow-route waypoints=1 desired=1157,50,41,02,1155,50 radius=1
2026-03-10T17:20:29.6156674Z [bot] status Idle->Moving pos=1156,55,41,85,1156,56 active=none
2026-03-10T17:20:29.6571616Z [bot] follow-route waypoints=4 desired=1157,50,42,02,1152,50 radius=1
2026-03-10T17:20:29.6998081Z [bot] follow-route waypoints=7 desired=1157,50,42,02,1149,50 radius=1
2026-03-10T17:20:29.7470615Z [bot] follow-route waypoints=8 desired=1155,50,41,02,1148,50 radius=1
2026-03-10T17:20:30.0271459Z [bot] follow-route waypoints=11 desired=1153,50,40,02,1147,50 radius=1
2026-03-10T17:20:30.0726646Z [bot] follow-route waypoints=13 desired=1149,50,38,02,1147,50 radius=1
2026-03-10T17:20:30.0987403Z [bot] follow-route waypoints=13 desired=1147,50,37,02,1149,50 radius=1
2026-03-10T17:20:30.1385797Z [bot] follow-route waypoints=10 desired=1147,50,37,02,1152,50 radius=1
2026-03-10T17:20:32.5324499Z [bot] follow-route waypoints=7 desired=1147,50,37,02,1149,50 radius=1
2026-03-10T17:20:32.6257361Z [bot] follow-route waypoints=7 desired=1149,50,38,02,1148,50 radius=1
2026-03-10T17:20:32.7092763Z [bot] follow-route waypoints=8 desired=1151,50,39,02,1147,50 radius=1
2026-03-10T17:20:33.1974610Z [bot] follow-route waypoints=9 desired=1154,50,40,02,1147,50 radius=1
2026-03-10T17:20:33.2661506Z [bot] follow-route waypoints=10 desired=1156,50,41,02,1148,50 radius=1
2026-03-10T17:20:34.2759186Z [bot] follow-route waypoints=7 desired=1154,50,40,02,1147,50 radius=1
2026-03-10T17:20:34.3207940Z [bot] follow-route waypoints=6 desired=1151,50,39,02,1147,50 radius=1
2026-03-10T17:20:34.3775620Z [bot] follow-route waypoints=8 desired=1148,50,38,02,1148,50 radius=1
2026-03-10T17:20:34.6863727Z [bot] follow-route waypoints=6 desired=1147,50,37,02,1150,50 radius=1
2026-03-10T17:20:34.7306046Z [bot] follow-route waypoints=5 desired=1147,50,37,02,1153,50 radius=1
2026-03-10T17:20:34.7646485Z [bot] follow-route waypoints=7 desired=1148,50,37,02,1156,50 radius=1
2026-03-10T17:20:34.7997995Z [bot] follow-route waypoints=7 desired=1150,50,38,02,1157,50 radius=1
2026-03-10T17:20:35.1383159Z [bot] follow-route waypoints=7 desired=1153,50,40,02,1157,50 radius=1
2026-03-10T17:20:35.1894603Z [bot] follow-route waypoints=9 desired=1156,50,41,02,1156,50 radius=1
2026-03-10T17:20:35.2294231Z [bot] follow-route waypoints=6 desired=1157,50,41,02,1153,50 radius=1
2026-03-10T17:20:35.6895023Z [bot] follow-route waypoints=7 desired=1157,50,42,02,1150,50 radius=1
2026-03-10T17:20:35.8669061Z [bot] follow-route waypoints=8 desired=1156,50,41,02,1148,50 radius=1
2026-03-10T17:20:37.7985529Z [bot] route-blocked goal=Follow waypointIndex=0 waypoint=1152,50,40,02,1152,50
2026-03-10T17:20:37.7985942Z [bot] status Moving->NoPath pos=1151,90,40,00,1152,47 active=none
2026-03-10T17:20:38.1569811Z [bot] follow-route waypoints=8 desired=1157,50,42,02,1149,50 radius=1
2026-03-10T17:20:38.1570960Z [bot] route-blocked goal=Follow waypointIndex=0 waypoint=1152,50,40,02,1152,50
2026-03-10T17:20:38.5152269Z [bot] follow-route waypoints=8 desired=1157,50,42,02,1149,50 radius=1
2026-03-10T17:20:38.5153526Z [bot] route-blocked goal=Follow waypointIndex=0 waypoint=1152,50,40,02,1152,50
2026-03-10T17:20:38.8741093Z [bot] follow-route waypoints=8 desired=1157,50,42,02,1149,50 radius=1
2026-03-10T17:20:38.8742462Z [bot] route-blocked goal=Follow waypointIndex=0 waypoint=1152,50,40,02,1152,50
2026-03-10T17:20:39.2253157Z [bot] follow-route waypoints=8 desired=1157,50,42,02,1149,50 radius=1
2026-03-10T17:20:39.2254483Z [bot] route-blocked goal=Follow waypointIndex=0 waypoint=1152,50,40,02,1152,50
2026-03-10T17:20:39.5770189Z [bot] follow-route waypoints=8 desired=1157,50,42,02,1149,50 radius=1
2026-03-10T17:20:39.5771160Z [bot] route-blocked goal=Follow waypointIndex=0 waypoint=1152,50,40,02,1152,50
2026-03-10T17:20:39.9279948Z [bot] follow-route waypoints=8 desired=1157,50,42,02,1149,50 radius=1
2026-03-10T17:20:39.9280944Z [bot] route-blocked goal=Follow waypointIndex=0 waypoint=1152,50,40,02,1152,50
2026-03-10T17:20:40.2827682Z [bot] follow-route waypoints=8 desired=1157,50,42,02,1149,50 radius=1
2026-03-10T17:20:40.2828696Z [bot] route-blocked goal=Follow waypointIndex=0 waypoint=1152,50,40,02,1152,50
2026-03-10T17:20:40.6413556Z [bot] follow-route waypoints=8 desired=1157,50,42,02,1149,50 radius=1
2026-03-10T17:20:40.6415705Z [bot] route-blocked goal=Follow waypointIndex=0 waypoint=1152,50,40,02,1152,50
2026-03-10T17:20:40.9961211Z [bot] follow-route waypoints=8 desired=1157,50,42,02,1149,50 radius=1
2026-03-10T17:20:40.9963266Z [bot] route-blocked goal=Follow waypointIndex=0 waypoint=1152,50,40,02,1152,50
2026-03-10T17:20:41.3502605Z [bot] follow-route waypoints=8 desired=1157,50,42,02,1149,50 radius=1
2026-03-10T17:20:41.3503687Z [bot] route-blocked goal=Follow waypointIndex=0 waypoint=1152,50,40,02,1152,50
2026-03-10T17:20:41.7099893Z [bot] follow-route waypoints=8 desired=1157,50,42,02,1149,50 radius=1
2026-03-10T17:20:41.7100781Z [bot] route-blocked goal=Follow waypointIndex=0 waypoint=1152,50,40,02,1152,50
2026-03-10T17:20:42.0673088Z [bot] follow-route waypoints=8 desired=1157,50,42,02,1149,50 radius=1
2026-03-10T17:20:42.0674836Z [bot] route-blocked goal=Follow waypointIndex=0 waypoint=1152,50,40,02,1152,50
2026-03-10T17:20:42.4190679Z [bot] follow-route waypoints=8 desired=1155,50,40,02,1157,50 radius=1
2026-03-10T17:20:42.4192315Z [bot] route-blocked goal=Follow waypointIndex=0 waypoint=1152,50,40,02,1152,50
2026-03-10T17:20:42.7696039Z [bot] follow-route waypoints=8 desired=1155,50,40,02,1157,50 radius=1
2026-03-10T17:20:42.7697142Z [bot] route-blocked goal=Follow waypointIndex=0 waypoint=1152,50,40,02,1152,50
2026-03-10T17:20:43.1264186Z [bot] follow-route waypoints=6 desired=1157,50,41,02,1153,50 radius=1
2026-03-10T17:20:43.1265726Z [bot] route-blocked goal=Follow waypointIndex=0 waypoint=1152,50,40,02,1152,50
2026-03-10T17:20:43.4851091Z [bot] follow-route waypoints=7 desired=1152,50,39,02,1147,50 radius=1
2026-03-10T17:20:43.4851959Z [bot] route-blocked goal=Follow waypointIndex=0 waypoint=1150,50,39,02,1152,50
2026-03-10T17:20:43.8385303Z [bot] follow-route waypoints=7 desired=1156,50,41,02,1149,50 radius=1
2026-03-10T17:20:43.8386263Z [bot] route-blocked goal=Follow waypointIndex=0 waypoint=1152,50,40,02,1152,50
2026-03-10T17:20:44.1902212Z [bot] follow-route waypoints=7 desired=1156,50,41,02,1149,50 radius=1
2026-03-10T17:20:44.1903616Z [bot] route-blocked goal=Follow waypointIndex=0 waypoint=1152,50,40,02,1152,50
2026-03-10T17:20:44.5410480Z [bot] follow-route waypoints=8 desired=1157,50,42,02,1149,50 radius=1
2026-03-10T17:20:44.5411352Z [bot] route-blocked goal=Follow waypointIndex=0 waypoint=1152,50,40,02,1152,50
2026-03-10T17:20:44.8971190Z [bot] follow-route waypoints=8 desired=1157,50,42,02,1149,50 radius=1
2026-03-10T17:20:44.8972044Z [bot] route-blocked goal=Follow waypointIndex=0 waypoint=1152,50,40,02,1152,50
2026-03-10T17:20:45.2524741Z [bot] follow-route waypoints=8 desired=1157,50,42,02,1149,50 radius=1
2026-03-10T17:20:45.2525842Z [bot] route-blocked goal=Follow waypointIndex=0 waypoint=1152,50,40,02,1152,50
2026-03-10T17:20:45.6047228Z [bot] follow-route waypoints=8 desired=1157,50,42,02,1149,50 radius=1
2026-03-10T17:20:45.6048344Z [bot] route-blocked goal=Follow waypointIndex=0 waypoint=1152,50,40,02,1152,50
2026-03-10T17:20:45.9559514Z [bot] follow-route waypoints=8 desired=1157,50,42,02,1149,50 radius=1
2026-03-10T17:20:45.9562034Z [bot] route-blocked goal=Follow waypointIndex=0 waypoint=1152,50,40,02,1152,50
2026-03-10T17:20:46.3164602Z [bot] follow-route waypoints=8 desired=1157,50,42,02,1149,50 radius=1
2026-03-10T17:20:46.3165906Z [bot] route-blocked goal=Follow waypointIndex=0 waypoint=1152,50,40,02,1152,50
2026-03-10T17:20:46.6726018Z [bot] follow-route waypoints=8 desired=1157,50,42,02,1149,50 radius=1
2026-03-10T17:20:46.6726758Z [bot] route-blocked goal=Follow waypointIndex=0 waypoint=1152,50,40,02,1152,50
2026-03-10T17:20:47.0383114Z [bot] follow-route waypoints=8 desired=1157,50,42,02,1149,50 radius=1
2026-03-10T17:20:47.0384558Z [bot] route-blocked goal=Follow waypointIndex=0 waypoint=1152,50,40,02,1152,50
2026-03-10T17:20:47.3984877Z [bot] follow-route waypoints=8 desired=1157,50,42,02,1149,50 radius=1
2026-03-10T17:20:47.3985687Z [bot] route-blocked goal=Follow waypointIndex=0 waypoint=1152,50,40,02,1152,50
2026-03-10T17:20:47.7641578Z [bot] follow-route waypoints=8 desired=1157,50,42,02,1149,50 radius=1
2026-03-10T17:20:47.7642172Z [bot] route-blocked goal=Follow waypointIndex=0 waypoint=1152,50,40,02,1152,50
2026-03-10T17:20:48.1062935Z [bot] follow-route waypoints=8 desired=1157,50,42,02,1149,50 radius=1
2026-03-10T17:20:48.1063934Z [bot] route-blocked goal=Follow waypointIndex=0 waypoint=1152,50,40,02,1152,50
2026-03-10T17:20:48.4669661Z [bot] follow-route waypoints=8 desired=1157,50,42,02,1149,50 radius=1
2026-03-10T17:20:48.4671783Z [bot] route-blocked goal=Follow waypointIndex=0 waypoint=1152,50,40,02,1152,50
2026-03-10T17:20:48.8332490Z [bot] follow-route waypoints=8 desired=1157,50,42,02,1149,50 radius=1
2026-03-10T17:20:48.8333309Z [bot] route-blocked goal=Follow waypointIndex=0 waypoint=1152,50,40,02,1152,50
2026-03-10T17:20:49.4025519Z [bot] follow-route waypoints=8 desired=1157,50,42,02,1149,50 radius=1
2026-03-10T17:20:49.4026661Z [bot] route-blocked goal=Follow waypointIndex=0 waypoint=1152,50,40,02,1152,50
2026-03-10T17:20:49.7549177Z [bot] follow-route waypoints=8 desired=1157,50,42,02,1149,50 radius=1
2026-03-10T17:20:49.7549917Z [bot] route-blocked goal=Follow waypointIndex=0 waypoint=1152,50,40,02,1152,50
2026-03-10T17:20:50.1129472Z [bot] follow-route waypoints=8 desired=1157,50,42,02,1149,50 radius=1
2026-03-10T17:20:50.1130297Z [bot] route-blocked goal=Follow waypointIndex=0 waypoint=1152,50,40,02,1152,50
2026-03-10T17:20:50.4635676Z [bot] follow-route waypoints=8 desired=1157,50,42,02,1149,50 radius=1
2026-03-10T17:20:50.4636732Z [bot] route-blocked goal=Follow waypointIndex=0 waypoint=1152,50,40,02,1152,50
2026-03-10T17:20:50.8233447Z [bot] follow-route waypoints=8 desired=1157,50,42,02,1149,50 radius=1
2026-03-10T17:20:50.8234365Z [bot] route-blocked goal=Follow waypointIndex=0 waypoint=1152,50,40,02,1152,50
2026-03-10T17:20:51.1817818Z [bot] follow-route waypoints=8 desired=1157,50,42,02,1149,50 radius=1
2026-03-10T17:20:51.1818740Z [bot] route-blocked goal=Follow waypointIndex=0 waypoint=1152,50,40,02,1152,50
2026-03-10T17:20:51.5382946Z [bot] follow-route waypoints=8 desired=1157,50,42,02,1149,50 radius=1
2026-03-10T17:20:51.5383712Z [bot] route-blocked goal=Follow waypointIndex=0 waypoint=1152,50,40,02,1152,50
2026-03-10T17:20:52.6002390Z [app] run-stop
